gcc -D_FORTIFY_SOURCE=2 -D_GNU_SOURCE -D_FILE_OFFSET_BITS=64 -D_LARGEFILE_SOURCE -Wstrict-prototypes -Wall -Wundef -Wwrite-strings -Wmissing-prototypes -fno-strict-aliasing -O2 -I/usr/local/include -c -o /tmp/qemu-conf--570-.o /tmp/qemu-conf--570-.c
/tmp/qemu-conf--570-.c:2:2: error: #error Not defined
 #error Not defined
  ^
gcc -D_FORTIFY_SOURCE=2 -D_GNU_SOURCE -D_FILE_OFFSET_BITS=64 -D_LARGEFILE_SOURCE -Wstrict-prototypes -Wall -Wundef -Wwrite-strings -Wmissing-prototypes -fno-strict-aliasing -O2 -I/usr/local/include -c -o /tmp/qemu-conf--570-.o /tmp/qemu-conf--570-.c
gcc -D_FORTIFY_SOURCE=2 -D_GNU_SOURCE -D_FILE_OFFSET_BITS=64 -D_LARGEFILE_SOURCE -Wstrict-prototypes -Wall -Wundef -Wwrite-strings -Wmissing-prototypes -fno-strict-aliasing -O2 -I/usr/local/include -c -o /tmp/qemu-conf--570-.o /tmp/qemu-conf--570-.c
gcc -m64 -D_FORTIFY_SOURCE=2 -D_GNU_SOURCE -D_FILE_OFFSET_BITS=64 -D_LARGEFILE_SOURCE -Wstrict-prototypes -Wall -Wundef -Wwrite-strings -Wmissing-prototypes -fno-strict-aliasing -O2 -I/usr/local/include -c -o /tmp/qemu-conf--570-.o /tmp/qemu-conf--570-.c
/tmp/qemu-conf--570-.c: In function ‘main’:
/tmp/qemu-conf--570-.c:1:1: warning: control reaches end of non-void function [-Wreturn-type]
 int main(void) {}
 ^
gcc -m64 -D_FORTIFY_SOURCE=2 -D_GNU_SOURCE -D_FILE_OFFSET_BITS=64 -D_LARGEFILE_SOURCE -Wstrict-prototypes -Wall -Wundef -Wwrite-strings -Wmissing-prototypes -fno-strict-aliasing -O2 -I/usr/local/include -fstack-protector-all -Werror -o /tmp/qemu-conf--570-.exe /tmp/qemu-conf--570-.c -m64 -g -L/usr/local/lib -L/usr/local/lib64 -L/usr/local/lib -lprotobuf-c -lprotobuf -lpthread -rdynamic
gcc -m64 -D_FORTIFY_SOURCE=2 -D_GNU_SOURCE -D_FILE_OFFSET_BITS=64 -D_LARGEFILE_SOURCE -Wstrict-prototypes -Wall -Wundef -Wwrite-strings -Wmissing-prototypes -fno-strict-aliasing -O2 -I/usr/local/include -fstack-protector-all -Wendif-labels -Werror -o /tmp/qemu-conf--570-.exe /tmp/qemu-conf--570-.c -m64 -g -L/usr/local/lib -L/usr/local/lib64 -L/usr/local/lib -lprotobuf-c -lprotobuf -lpthread -rdynamic
gcc -m64 -D_FORTIFY_SOURCE=2 -D_GNU_SOURCE -D_FILE_OFFSET_BITS=64 -D_LARGEFILE_SOURCE -Wstrict-prototypes -Wall -Wundef -Wwrite-strings -Wmissing-prototypes -fno-strict-aliasing -O2 -I/usr/local/include -fstack-protector-all -Wendif-labels -Wmissing-include-dirs -Werror -o /tmp/qemu-conf--570-.exe /tmp/qemu-conf--570-.c -m64 -g -L/usr/local/lib -L/usr/local/lib64 -L/usr/local/lib -lprotobuf-c -lprotobuf -lpthread -rdynamic
gcc -m64 -D_FORTIFY_SOURCE=2 -D_GNU_SOURCE -D_FILE_OFFSET_BITS=64 -D_LARGEFILE_SOURCE -Wstrict-prototypes -Wall -Wundef -Wwrite-strings -Wmissing-prototypes -fno-strict-aliasing -O2 -I/usr/local/include -fstack-protector-all -Wendif-labels -Wmissing-include-dirs -Wempty-body -Werror -o /tmp/qemu-conf--570-.exe /tmp/qemu-conf--570-.c -m64 -g -L/usr/local/lib -L/usr/local/lib64 -L/usr/local/lib -lprotobuf-c -lprotobuf -lpthread -rdynamic
gcc -m64 -D_FORTIFY_SOURCE=2 -D_GNU_SOURCE -D_FILE_OFFSET_BITS=64 -D_LARGEFILE_SOURCE -Wstrict-prototypes -Wall -Wundef -Wwrite-strings -Wmissing-prototypes -fno-strict-aliasing -O2 -I/usr/local/include -fstack-protector-all -Wendif-labels -Wmissing-include-dirs -Wempty-body -Wnested-externs -Werror -o /tmp/qemu-conf--570-.exe /tmp/qemu-conf--570-.c -m64 -g -L/usr/local/lib -L/usr/local/lib64 -L/usr/local/lib -lprotobuf-c -lprotobuf -lpthread -rdynamic
gcc -m64 -D_FORTIFY_SOURCE=2 -D_GNU_SOURCE -D_FILE_OFFSET_BITS=64 -D_LARGEFILE_SOURCE -Wstrict-prototypes -Wall -Wundef -Wwrite-strings -Wmissing-prototypes -fno-strict-aliasing -O2 -I/usr/local/include -fstack-protector-all -Wendif-labels -Wmissing-include-dirs -Wempty-body -Wnested-externs -Wformat-security -Werror -o /tmp/qemu-conf--570-.exe /tmp/qemu-conf--570-.c -m64 -g -L/usr/local/lib -L/usr/local/lib64 -L/usr/local/lib -lprotobuf-c -lprotobuf -lpthread -rdynamic
gcc -m64 -D_FORTIFY_SOURCE=2 -D_GNU_SOURCE -D_FILE_OFFSET_BITS=64 -D_LARGEFILE_SOURCE -Wstrict-prototypes -Wall -Wundef -Wwrite-strings -Wmissing-prototypes -fno-strict-aliasing -O2 -I/usr/local/include -fstack-protector-all -Wendif-labels -Wmissing-include-dirs -Wempty-body -Wnested-externs -Wformat-security -Wformat-y2k -Werror -o /tmp/qemu-conf--570-.exe /tmp/qemu-conf--570-.c -m64 -g -L/usr/local/lib -L/usr/local/lib64 -L/usr/local/lib -lprotobuf-c -lprotobuf -lpthread -rdynamic
gcc -m64 -D_FORTIFY_SOURCE=2 -D_GNU_SOURCE -D_FILE_OFFSET_BITS=64 -D_LARGEFILE_SOURCE -Wstrict-prototypes -Wall -Wundef -Wwrite-strings -Wmissing-prototypes -fno-strict-aliasing -O2 -I/usr/local/include -fstack-protector-all -Wendif-labels -Wmissing-include-dirs -Wempty-body -Wnested-externs -Wformat-security -Wformat-y2k -Winit-self -Werror -o /tmp/qemu-conf--570-.exe /tmp/qemu-conf--570-.c -m64 -g -L/usr/local/lib -L/usr/local/lib64 -L/usr/local/lib -lprotobuf-c -lprotobuf -lpthread -rdynamic
gcc -m64 -D_FORTIFY_SOURCE=2 -D_GNU_SOURCE -D_FILE_OFFSET_BITS=64 -D_LARGEFILE_SOURCE -Wstrict-prototypes -Wall -Wundef -Wwrite-strings -Wmissing-prototypes -fno-strict-aliasing -O2 -I/usr/local/include -fstack-protector-all -Wendif-labels -Wmissing-include-dirs -Wempty-body -Wnested-externs -Wformat-security -Wformat-y2k -Winit-self -Wignored-qualifiers -Werror -o /tmp/qemu-conf--570-.exe /tmp/qemu-conf--570-.c -m64 -g -L/usr/local/lib -L/usr/local/lib64 -L/usr/local/lib -lprotobuf-c -lprotobuf -lpthread -rdynamic
gcc -m64 -D_FORTIFY_SOURCE=2 -D_GNU_SOURCE -D_FILE_OFFSET_BITS=64 -D_LARGEFILE_SOURCE -Wstrict-prototypes -Wall -Wundef -Wwrite-strings -Wmissing-prototypes -fno-strict-aliasing -O2 -I/usr/local/include -fstack-protector-all -Wendif-labels -Wmissing-include-dirs -Wempty-body -Wnested-externs -Wformat-security -Wformat-y2k -Winit-self -Wignored-qualifiers -Wold-style-declaration -Werror -o /tmp/qemu-conf--570-.exe /tmp/qemu-conf--570-.c -m64 -g -L/usr/local/lib -L/usr/local/lib64 -L/usr/local/lib -lprotobuf-c -lprotobuf -lpthread -rdynamic
gcc -m64 -D_FORTIFY_SOURCE=2 -D_GNU_SOURCE -D_FILE_OFFSET_BITS=64 -D_LARGEFILE_SOURCE -Wstrict-prototypes -Wall -Wundef -Wwrite-strings -Wmissing-prototypes -fno-strict-aliasing -O2 -I/usr/local/include -fstack-protector-all -Wendif-labels -Wmissing-include-dirs -Wempty-body -Wnested-externs -Wformat-security -Wformat-y2k -Winit-self -Wignored-qualifiers -Wold-style-declaration -Wold-style-definition -Werror -o /tmp/qemu-conf--570-.exe /tmp/qemu-conf--570-.c -m64 -g -L/usr/local/lib -L/usr/local/lib64 -L/usr/local/lib -lprotobuf-c -lprotobuf -lpthread -rdynamic
gcc -m64 -D_FORTIFY_SOURCE=2 -D_GNU_SOURCE -D_FILE_OFFSET_BITS=64 -D_LARGEFILE_SOURCE -Wstrict-prototypes -Wall -Wundef -Wwrite-strings -Wmissing-prototypes -fno-strict-aliasing -O2 -I/usr/local/include -fstack-protector-all -Wendif-labels -Wmissing-include-dirs -Wempty-body -Wnested-externs -Wformat-security -Wformat-y2k -Winit-self -Wignored-qualifiers -Wold-style-declaration -Wold-style-definition -Wtype-limits -Werror -o /tmp/qemu-conf--570-.exe /tmp/qemu-conf--570-.c -m64 -g -L/usr/local/lib -L/usr/local/lib64 -L/usr/local/lib -lprotobuf-c -lprotobuf -lpthread -rdynamic
gcc -m64 -D_FORTIFY_SOURCE=2 -D_GNU_SOURCE -D_FILE_OFFSET_BITS=64 -D_LARGEFILE_SOURCE -Wstrict-prototypes -Wall -Wundef -Wwrite-strings -Wmissing-prototypes -fno-strict-aliasing -O2 -I/usr/local/include -fstack-protector-all -Wendif-labels -Wmissing-include-dirs -Wempty-body -Wnested-externs -Wformat-security -Wformat-y2k -Winit-self -Wignored-qualifiers -Wold-style-declaration -Wold-style-definition -Wtype-limits -o /tmp/qemu-conf--570-.exe /tmp/qemu-conf--570-.c -m64 -g -L/usr/local/lib -L/usr/local/lib64 -L/usr/local/lib -lprotobuf-c -lprotobuf -lpthread -rdynamic
gcc -m64 -D_FORTIFY_SOURCE=2 -D_GNU_SOURCE -D_FILE_OFFSET_BITS=64 -D_LARGEFILE_SOURCE -Wstrict-prototypes -Wall -Wundef -Wwrite-strings -Wmissing-prototypes -fno-strict-aliasing -O2 -I/usr/local/include -fstack-protector-all -Wendif-labels -Wmissing-include-dirs -Wempty-body -Wnested-externs -Wformat-security -Wformat-y2k -Winit-self -Wignored-qualifiers -Wold-style-declaration -Wold-style-definition -Wtype-limits -c -o /tmp/qemu-conf--570-.o /tmp/qemu-conf--570-.c
gcc -m64 -D_FORTIFY_SOURCE=2 -D_GNU_SOURCE -D_FILE_OFFSET_BITS=64 -D_LARGEFILE_SOURCE -Wstrict-prototypes -Wall -Wundef -Wwrite-strings -Wmissing-prototypes -fno-strict-aliasing -O2 -I/usr/local/include -fstack-protector-all -Wendif-labels -Wmissing-include-dirs -Wempty-body -Wnested-externs -Wformat-security -Wformat-y2k -Winit-self -Wignored-qualifiers -Wold-style-declaration -Wold-style-definition -Wtype-limits -c -o /tmp/qemu-conf--570-.o /tmp/qemu-conf--570-.c
/tmp/qemu-conf--570-.c:3:6: warning: function declaration isn’t a prototype [-Wstrict-prototypes]
 void foo()
      ^
/tmp/qemu-conf--570-.c: In function ‘foo’:
/tmp/qemu-conf--570-.c:3:6: warning: old-style function definition [-Wold-style-definition]
gcc -m64 -D_FORTIFY_SOURCE=2 -D_GNU_SOURCE -D_FILE_OFFSET_BITS=64 -D_LARGEFILE_SOURCE -Wstrict-prototypes -Wall -Wundef -Wwrite-strings -Wmissing-prototypes -fno-strict-aliasing -O2 -I/usr/local/include -fstack-protector-all -Wendif-labels -Wmissing-include-dirs -Wempty-body -Wnested-externs -Wformat-security -Wformat-y2k -Winit-self -Wignored-qualifiers -Wold-style-declaration -Wold-style-definition -Wtype-limits -o /tmp/qemu-conf--570-.exe /tmp/qemu-conf--570-.c -m64 -g -L/usr/local/lib -L/usr/local/lib64 -L/usr/local/lib -lprotobuf-c -lprotobuf -lpthread -rdynamic -lz
gcc -m64 -D_FORTIFY_SOURCE=2 -D_GNU_SOURCE -D_FILE_OFFSET_BITS=64 -D_LARGEFILE_SOURCE -Wstrict-prototypes -Wall -Wundef -Wwrite-strings -Wmissing-prototypes -fno-strict-aliasing -O2 -I/usr/local/include -fstack-protector-all -Wendif-labels -Wmissing-include-dirs -Wempty-body -Wnested-externs -Wformat-security -Wformat-y2k -Winit-self -Wignored-qualifiers -Wold-style-declaration -Wold-style-definition -Wtype-limits -D_GNU_SOURCE=1 -D_REENTRANT -I/usr/include/SDL -o /tmp/qemu-conf--570-.exe /tmp/qemu-conf--570-.c -m64 -g -L/usr/local/lib -L/usr/local/lib64 -L/usr/local/lib -lprotobuf-c -lprotobuf -lpthread -rdynamic -lSDL
gcc -m64 -D_FORTIFY_SOURCE=2 -D_GNU_SOURCE -D_FILE_OFFSET_BITS=64 -D_LARGEFILE_SOURCE -Wstrict-prototypes -Wall -Wundef -Wwrite-strings -Wmissing-prototypes -fno-strict-aliasing -O2 -I/usr/local/include -fstack-protector-all -Wendif-labels -Wmissing-include-dirs -Wempty-body -Wnested-externs -Wformat-security -Wformat-y2k -Winit-self -Wignored-qualifiers -Wold-style-declaration -Wold-style-definition -Wtype-limits -D_GNU_SOURCE=1 -D_REENTRANT -I/usr/include/SDL -o /tmp/qemu-conf--570-.exe /tmp/qemu-conf--570-.c -m64 -g -L/usr/local/lib -L/usr/local/lib64 -L/usr/local/lib -lprotobuf-c -lprotobuf -lpthread -rdynamic -lSDL
gcc -m64 -D_FORTIFY_SOURCE=2 -D_GNU_SOURCE -D_FILE_OFFSET_BITS=64 -D_LARGEFILE_SOURCE -Wstrict-prototypes -Wall -Wundef -Wwrite-strings -Wmissing-prototypes -fno-strict-aliasing -O2 -I/usr/local/include -fstack-protector-all -Wendif-labels -Wmissing-include-dirs -Wempty-body -Wnested-externs -Wformat-security -Wformat-y2k -Winit-self -Wignored-qualifiers -Wold-style-declaration -Wold-style-definition -Wtype-limits -o /tmp/qemu-conf--570-.exe /tmp/qemu-conf--570-.c -m64 -g -L/usr/local/lib -L/usr/local/lib64 -L/usr/local/lib -lprotobuf-c -lprotobuf -lpthread -rdynamic
/tmp/qemu-conf--570-.c:1:27: fatal error: gnutls/gnutls.h: No such file or directory
 #include <gnutls/gnutls.h>
                           ^
compilation terminated.
gcc -m64 -D_FORTIFY_SOURCE=2 -D_GNU_SOURCE -D_FILE_OFFSET_BITS=64 -D_LARGEFILE_SOURCE -Wstrict-prototypes -Wall -Wundef -Wwrite-strings -Wmissing-prototypes -fno-strict-aliasing -O2 -I/usr/local/include -fstack-protector-all -Wendif-labels -Wmissing-include-dirs -Wempty-body -Wnested-externs -Wformat-security -Wformat-y2k -Winit-self -Wignored-qualifiers -Wold-style-declaration -Wold-style-definition -Wtype-limits -o /tmp/qemu-conf--570-.exe /tmp/qemu-conf--570-.c -m64 -g -L/usr/local/lib -L/usr/local/lib64 -L/usr/local/lib -lprotobuf-c -lprotobuf -lpthread -rdynamic -lsasl2
/tmp/qemu-conf--570-.c:1:23: fatal error: sasl/sasl.h: No such file or directory
 #include <sasl/sasl.h>
                       ^
compilation terminated.
gcc -m64 -D_FORTIFY_SOURCE=2 -D_GNU_SOURCE -D_FILE_OFFSET_BITS=64 -D_LARGEFILE_SOURCE -Wstrict-prototypes -Wall -Wundef -Wwrite-strings -Wmissing-prototypes -fno-strict-aliasing -O2 -I/usr/local/include -fstack-protector-all -Wendif-labels -Wmissing-include-dirs -Wempty-body -Wnested-externs -Wformat-security -Wformat-y2k -Winit-self -Wignored-qualifiers -Wold-style-declaration -Wold-style-definition -Wtype-limits -o /tmp/qemu-conf--570-.exe /tmp/qemu-conf--570-.c -m64 -g -L/usr/local/lib -L/usr/local/lib64 -L/usr/local/lib -lprotobuf-c -lprotobuf -lpthread -rdynamic -ljpeg
gcc -m64 -D_FORTIFY_SOURCE=2 -D_GNU_SOURCE -D_FILE_OFFSET_BITS=64 -D_LARGEFILE_SOURCE -Wstrict-prototypes -Wall -Wundef -Wwrite-strings -Wmissing-prototypes -fno-strict-aliasing -O2 -I/usr/local/include -fstack-protector-all -Wendif-labels -Wmissing-include-dirs -Wempty-body -Wnested-externs -Wformat-security -Wformat-y2k -Winit-self -Wignored-qualifiers -Wold-style-declaration -Wold-style-definition -Wtype-limits -I/usr/include/libpng12 -o /tmp/qemu-conf--570-.exe /tmp/qemu-conf--570-.c -m64 -g -L/usr/local/lib -L/usr/local/lib64 -L/usr/local/lib -lprotobuf-c -lprotobuf -lpthread -rdynamic -lpng12
/tmp/qemu-conf--570-.c: In function ‘main’:
/tmp/qemu-conf--570-.c:5:17: warning: variable ‘png_ptr’ set but not used [-Wunused-but-set-variable]
     png_structp png_ptr;
                 ^
gcc -m64 -D_FORTIFY_SOURCE=2 -D_GNU_SOURCE -D_FILE_OFFSET_BITS=64 -D_LARGEFILE_SOURCE -Wstrict-prototypes -Wall -Wundef -Wwrite-strings -Wmissing-prototypes -fno-strict-aliasing -O2 -I/usr/local/include -fstack-protector-all -Wendif-labels -Wmissing-include-dirs -Wempty-body -Wnested-externs -Wformat-security -Wformat-y2k -Winit-self -Wignored-qualifiers -Wold-style-declaration -Wold-style-definition -Wtype-limits -I/usr/include/libpng12 -o /tmp/qemu-conf--570-.exe /tmp/qemu-conf--570-.c -m64 -g -L/usr/local/lib -L/usr/local/lib64 -L/usr/local/lib -lprotobuf-c -lprotobuf -lpthread -rdynamic
gcc -m64 -D_FORTIFY_SOURCE=2 -D_GNU_SOURCE -D_FILE_OFFSET_BITS=64 -D_LARGEFILE_SOURCE -Wstrict-prototypes -Wall -Wundef -Wwrite-strings -Wmissing-prototypes -fno-strict-aliasing -O2 -I/usr/local/include -fstack-protector-all -Wendif-labels -Wmissing-include-dirs -Wempty-body -Wnested-externs -Wformat-security -Wformat-y2k -Winit-self -Wignored-qualifiers -Wold-style-declaration -Wold-style-definition -Wtype-limits -I/usr/include/libpng12 -o /tmp/qemu-conf--570-.exe /tmp/qemu-conf--570-.c -m64 -g -L/usr/local/lib -L/usr/local/lib64 -L/usr/local/lib -lprotobuf-c -lprotobuf -lpthread -rdynamic -luuid
/tmp/qemu-conf--570-.c:1:23: fatal error: uuid/uuid.h: No such file or directory
 #include <uuid/uuid.h>
                       ^
compilation terminated.
gcc -m64 -D_FORTIFY_SOURCE=2 -D_GNU_SOURCE -D_FILE_OFFSET_BITS=64 -D_LARGEFILE_SOURCE -Wstrict-prototypes -Wall -Wundef -Wwrite-strings -Wmissing-prototypes -fno-strict-aliasing -O2 -I/usr/local/include -fstack-protector-all -Wendif-labels -Wmissing-include-dirs -Wempty-body -Wnested-externs -Wformat-security -Wformat-y2k -Winit-self -Wignored-qualifiers -Wold-style-declaration -Wold-style-definition -Wtype-limits -I/usr/include/libpng12 -o /tmp/qemu-conf--570-.exe /tmp/qemu-conf--570-.c -m64 -g -L/usr/local/lib -L/usr/local/lib64 -L/usr/local/lib -lprotobuf-c -lprotobuf -lpthread -rdynamic
/tmp/qemu-conf--570-.c:1:21: fatal error: xfs/xfs.h: No such file or directory
 #include <xfs/xfs.h>
                     ^
compilation terminated.
gcc -m64 -D_FORTIFY_SOURCE=2 -D_GNU_SOURCE -D_FILE_OFFSET_BITS=64 -D_LARGEFILE_SOURCE -Wstrict-prototypes -Wall -Wundef -Wwrite-strings -Wmissing-prototypes -fno-strict-aliasing -O2 -I/usr/local/include -fstack-protector-all -Wendif-labels -Wmissing-include-dirs -Wempty-body -Wnested-externs -Wformat-security -Wformat-y2k -Winit-self -Wignored-qualifiers -Wold-style-declaration -Wold-style-definition -Wtype-limits -I/usr/include/libpng12 -o /tmp/qemu-conf--570-.exe /tmp/qemu-conf--570-.c -m64 -g -L/usr/local/lib -L/usr/local/lib64 -L/usr/local/lib -lprotobuf-c -lprotobuf -lpthread -rdynamic -lvdeplug
/tmp/qemu-conf--570-.c:1:24: fatal error: libvdeplug.h: No such file or directory
 #include <libvdeplug.h>
                        ^
compilation terminated.
gcc -m64 -D_FORTIFY_SOURCE=2 -D_GNU_SOURCE -D_FILE_OFFSET_BITS=64 -D_LARGEFILE_SOURCE -Wstrict-prototypes -Wall -Wundef -Wwrite-strings -Wmissing-prototypes -fno-strict-aliasing -O2 -I/usr/local/include -fstack-protector-all -Wendif-labels -Wmissing-include-dirs -Wempty-body -Wnested-externs -Wformat-security -Wformat-y2k -Winit-self -Wignored-qualifiers -Wold-style-declaration -Wold-style-definition -Wtype-limits -I/usr/include/libpng12 -o /tmp/qemu-conf--570-.exe /tmp/qemu-conf--570-.c -m64 -g -L/usr/local/lib -L/usr/local/lib64 -L/usr/local/lib -lprotobuf-c -lprotobuf -lpthread -rdynamic -lbrlapi
/tmp/qemu-conf--570-.c:1:20: fatal error: brlapi.h: No such file or directory
 #include <brlapi.h>
                    ^
compilation terminated.
gcc -m64 -D_FORTIFY_SOURCE=2 -D_GNU_SOURCE -D_FILE_OFFSET_BITS=64 -D_LARGEFILE_SOURCE -Wstrict-prototypes -Wall -Wundef -Wwrite-strings -Wmissing-prototypes -fno-strict-aliasing -O2 -I/usr/local/include -fstack-protector-all -Wendif-labels -Wmissing-include-dirs -Wempty-body -Wnested-externs -Wformat-security -Wformat-y2k -Winit-self -Wignored-qualifiers -Wold-style-declaration -Wold-style-definition -Wtype-limits -I/usr/include/libpng12 -o /tmp/qemu-conf--570-.exe /tmp/qemu-conf--570-.c -m64 -g -L/usr/local/lib -L/usr/local/lib64 -L/usr/local/lib -lprotobuf-c -lprotobuf -lpthread -rdynamic -lncurses
/tmp/qemu-conf--570-.c:1:20: fatal error: curses.h: No such file or directory
 #include <curses.h>
                    ^
compilation terminated.
gcc -m64 -D_FORTIFY_SOURCE=2 -D_GNU_SOURCE -D_FILE_OFFSET_BITS=64 -D_LARGEFILE_SOURCE -Wstrict-prototypes -Wall -Wundef -Wwrite-strings -Wmissing-prototypes -fno-strict-aliasing -O2 -I/usr/local/include -fstack-protector-all -Wendif-labels -Wmissing-include-dirs -Wempty-body -Wnested-externs -Wformat-security -Wformat-y2k -Winit-self -Wignored-qualifiers -Wold-style-declaration -Wold-style-definition -Wtype-limits -I/usr/include/libpng12 -o /tmp/qemu-conf--570-.exe /tmp/qemu-conf--570-.c -m64 -g -L/usr/local/lib -L/usr/local/lib64 -L/usr/local/lib -lprotobuf-c -lprotobuf -lpthread -rdynamic -lcurses
/tmp/qemu-conf--570-.c:1:20: fatal error: curses.h: No such file or directory
 #include <curses.h>
                    ^
compilation terminated.
gcc -m64 -D_FORTIFY_SOURCE=2 -D_GNU_SOURCE -D_FILE_OFFSET_BITS=64 -D_LARGEFILE_SOURCE -Wstrict-prototypes -Wall -Wundef -Wwrite-strings -Wmissing-prototypes -fno-strict-aliasing -O2 -I/usr/local/include -fstack-protector-all -Wendif-labels -Wmissing-include-dirs -Wempty-body -Wnested-externs -Wformat-security -Wformat-y2k -Winit-self -Wignored-qualifiers -Wold-style-declaration -Wold-style-definition -Wtype-limits -I/usr/include/libpng12 -o /tmp/qemu-conf--570-.exe /tmp/qemu-conf--570-.c -m64 -g -L/usr/local/lib -L/usr/local/lib64 -L/usr/local/lib -lprotobuf-c -lprotobuf -lpthread -rdynamic
/tmp/qemu-conf--570-.c:1:23: fatal error: curl/curl.h: No such file or directory
 #include <curl/curl.h>
                       ^
compilation terminated.
gcc -m64 -D_FORTIFY_SOURCE=2 -D_GNU_SOURCE -D_FILE_OFFSET_BITS=64 -D_LARGEFILE_SOURCE -Wstrict-prototypes -Wall -Wundef -Wwrite-strings -Wmissing-prototypes -fno-strict-aliasing -O2 -I/usr/local/include -fstack-protector-all -Wendif-labels -Wmissing-include-dirs -Wempty-body -Wnested-externs -Wformat-security -Wformat-y2k -Winit-self -Wignored-qualifiers -Wold-style-declaration -Wold-style-definition -Wtype-limits -I/usr/include/libpng12 -o /tmp/qemu-conf--570-.exe /tmp/qemu-conf--570-.c -m64 -g -L/usr/local/lib -L/usr/local/lib64 -L/usr/local/lib -lprotobuf-c -lprotobuf -lpthread -rdynamic
/tmp/qemu-conf--570-.c:1:19: fatal error: check.h: No such file or directory
 #include <check.h>
                   ^
compilation terminated.
gcc -m64 -D_FORTIFY_SOURCE=2 -D_GNU_SOURCE -D_FILE_OFFSET_BITS=64 -D_LARGEFILE_SOURCE -Wstrict-prototypes -Wall -Wundef -Wwrite-strings -Wmissing-prototypes -fno-strict-aliasing -O2 -I/usr/local/include -fstack-protector-all -Wendif-labels -Wmissing-include-dirs -Wempty-body -Wnested-externs -Wformat-security -Wformat-y2k -Winit-self -Wignored-qualifiers -Wold-style-declaration -Wold-style-definition -Wtype-limits -I/usr/include/libpng12 -o /tmp/qemu-conf--570-.exe /tmp/qemu-conf--570-.c -m64 -g -L/usr/local/lib -L/usr/local/lib64 -L/usr/local/lib -lprotobuf-c -lprotobuf -lpthread -rdynamic
/tmp/qemu-conf--570-.c:1:33: fatal error: bluetooth/bluetooth.h: No such file or directory
 #include <bluetooth/bluetooth.h>
                                 ^
compilation terminated.
gcc -m64 -D_FORTIFY_SOURCE=2 -D_GNU_SOURCE -D_FILE_OFFSET_BITS=64 -D_LARGEFILE_SOURCE -Wstrict-prototypes -Wall -Wundef -Wwrite-strings -Wmissing-prototypes -fno-strict-aliasing -O2 -I/usr/local/include -fstack-protector-all -Wendif-labels -Wmissing-include-dirs -Wempty-body -Wnested-externs -Wformat-security -Wformat-y2k -Winit-self -Wignored-qualifiers -Wold-style-declaration -Wold-style-definition -Wtype-limits -I/usr/include/libpng12 -o /tmp/qemu-conf--570-.exe /tmp/qemu-conf--570-.c -m64 -g -L/usr/local/lib -L/usr/local/lib64 -L/usr/local/lib -lprotobuf-c -lprotobuf -lpthread -rdynamic
/tmp/qemu-conf--570-.c: In function ‘main’:
/tmp/qemu-conf--570-.c:2:1: warning: null argument where non-null required (argument 1) [-Wnonnull]
 int main(void) { pthread_create(0,0,0,0); return 0; }
 ^
/tmp/qemu-conf--570-.c:2:1: warning: null argument where non-null required (argument 3) [-Wnonnull]
gcc -m64 -D_FORTIFY_SOURCE=2 -D_GNU_SOURCE -D_FILE_OFFSET_BITS=64 -D_LARGEFILE_SOURCE -Wstrict-prototypes -Wall -Wundef -Wwrite-strings -Wmissing-prototypes -fno-strict-aliasing -O2 -I/usr/local/include -fstack-protector-all -Wendif-labels -Wmissing-include-dirs -Wempty-body -Wnested-externs -Wformat-security -Wformat-y2k -Winit-self -Wignored-qualifiers -Wold-style-declaration -Wold-style-definition -Wtype-limits -I/usr/include/libpng12 -o /tmp/qemu-conf--570-.exe /tmp/qemu-conf--570-.c -m64 -g -L/usr/local/lib -L/usr/local/lib64 -L/usr/local/lib -lprotobuf-c -lprotobuf -lpthread -rdynamic -lrbd -lrados
/tmp/qemu-conf--570-.c:2:24: fatal error: rbd/librbd.h: No such file or directory
 #include <rbd/librbd.h>
                        ^
compilation terminated.
gcc -m64 -D_FORTIFY_SOURCE=2 -D_GNU_SOURCE -D_FILE_OFFSET_BITS=64 -D_LARGEFILE_SOURCE -Wstrict-prototypes -Wall -Wundef -Wwrite-strings -Wmissing-prototypes -fno-strict-aliasing -O2 -I/usr/local/include -fstack-protector-all -Wendif-labels -Wmissing-include-dirs -Wempty-body -Wnested-externs -Wformat-security -Wformat-y2k -Winit-self -Wignored-qualifiers -Wold-style-declaration -Wold-style-definition -Wtype-limits -I/usr/include/libpng12 -o /tmp/qemu-conf--570-.exe /tmp/qemu-conf--570-.c -m64 -g -L/usr/local/lib -L/usr/local/lib64 -L/usr/local/lib -lprotobuf-c -lprotobuf -lpthread -rdynamic -laio
/tmp/qemu-conf--570-.c:1:20: fatal error: libaio.h: No such file or directory
 #include <libaio.h>
                    ^
compilation terminated.
gcc -m64 -D_FORTIFY_SOURCE=2 -D_GNU_SOURCE -D_FILE_OFFSET_BITS=64 -D_LARGEFILE_SOURCE -Wstrict-prototypes -Wall -Wundef -Wwrite-strings -Wmissing-prototypes -fno-strict-aliasing -O2 -I/usr/local/include -fstack-protector-all -Wendif-labels -Wmissing-include-dirs -Wempty-body -Wnested-externs -Wformat-security -Wformat-y2k -Winit-self -Wignored-qualifiers -Wold-style-declaration -Wold-style-definition -Wtype-limits -I/usr/include/libpng12 -o /tmp/qemu-conf--570-.exe /tmp/qemu-conf--570-.c -m64 -g -L/usr/local/lib -L/usr/local/lib64 -L/usr/local/lib -lprotobuf-c -lprotobuf -lpthread -rdynamic
gcc -m64 -D_FORTIFY_SOURCE=2 -D_GNU_SOURCE -D_FILE_OFFSET_BITS=64 -D_LARGEFILE_SOURCE -Wstrict-prototypes -Wall -Wundef -Wwrite-strings -Wmissing-prototypes -fno-strict-aliasing -O2 -I/usr/local/include -fstack-protector-all -Wendif-labels -Wmissing-include-dirs -Wempty-body -Wnested-externs -Wformat-security -Wformat-y2k -Winit-self -Wignored-qualifiers -Wold-style-declaration -Wold-style-definition -Wtype-limits -I/usr/include/libpng12 -o /tmp/qemu-conf--570-.exe /tmp/qemu-conf--570-.c -m64 -g -L/usr/local/lib -L/usr/local/lib64 -L/usr/local/lib -lprotobuf-c -lprotobuf -lpthread -rdynamic
/tmp/qemu-conf--570-.c: In function ‘main’:
/tmp/qemu-conf--570-.c:4:31: warning: unused variable ‘iov’ [-Wunused-variable]
 int main(void) { struct iovec iov; return 0; }
                               ^
gcc -m64 -D_FORTIFY_SOURCE=2 -D_GNU_SOURCE -D_FILE_OFFSET_BITS=64 -D_LARGEFILE_SOURCE -Wstrict-prototypes -Wall -Wundef -Wwrite-strings -Wmissing-prototypes -fno-strict-aliasing -O2 -I/usr/local/include -fstack-protector-all -Wendif-labels -Wmissing-include-dirs -Wempty-body -Wnested-externs -Wformat-security -Wformat-y2k -Winit-self -Wignored-qualifiers -Wold-style-declaration -Wold-style-definition -Wtype-limits -I/usr/include/libpng12 -o /tmp/qemu-conf--570-.exe /tmp/qemu-conf--570-.c -m64 -g -L/usr/local/lib -L/usr/local/lib64 -L/usr/local/lib -lprotobuf-c -lprotobuf -lpthread -rdynamic
/tmp/qemu-conf--570-.c: In function ‘main’:
/tmp/qemu-conf--570-.c:4:18: warning: statement with no effect [-Wunused-value]
 int main(void) { preadv; }
                  ^
/tmp/qemu-conf--570-.c:4:1: warning: control reaches end of non-void function [-Wreturn-type]
 int main(void) { preadv; }
 ^
gcc -m64 -D_FORTIFY_SOURCE=2 -D_GNU_SOURCE -D_FILE_OFFSET_BITS=64 -D_LARGEFILE_SOURCE -Wstrict-prototypes -Wall -Wundef -Wwrite-strings -Wmissing-prototypes -fno-strict-aliasing -O2 -I/usr/local/include -fstack-protector-all -Wendif-labels -Wmissing-include-dirs -Wempty-body -Wnested-externs -Wformat-security -Wformat-y2k -Winit-self -Wignored-qualifiers -Wold-style-declaration -Wold-style-definition -Wtype-limits -I/usr/include/libpng12 -o /tmp/qemu-conf--570-.exe /tmp/qemu-conf--570-.c -m64 -g -L/usr/local/lib -L/usr/local/lib64 -L/usr/local/lib -lprotobuf-c -lprotobuf -lpthread -rdynamic -lfdt
/usr/bin/ld: cannot find -lfdt
collect2: error: ld returned 1 exit status
gcc -m64 -D_FORTIFY_SOURCE=2 -D_GNU_SOURCE -D_FILE_OFFSET_BITS=64 -D_LARGEFILE_SOURCE -Wstrict-prototypes -Wall -Wundef -Wwrite-strings -Wmissing-prototypes -fno-strict-aliasing -O2 -I/usr/local/include -fstack-protector-all -Wendif-labels -Wmissing-include-dirs -Wempty-body -Wnested-externs -Wformat-security -Wformat-y2k -Winit-self -Wignored-qualifiers -Wold-style-declaration -Wold-style-definition -Wtype-limits -I/usr/include/libpng12 -o /tmp/qemu-conf--570-.exe /tmp/qemu-conf--570-.c -m64 -g -L/usr/local/lib -L/usr/local/lib64 -L/usr/local/lib -lprotobuf-c -lprotobuf -lpthread -rdynamic -lGL
g++ -m64 -D_FORTIFY_SOURCE=2 -D_GNU_SOURCE -D_FILE_OFFSET_BITS=64 -D_LARGEFILE_SOURCE -Wstrict-prototypes -Wall -Wundef -Wwrite-strings -Wmissing-prototypes -fno-strict-aliasing -O2 -I/usr/local/include -fstack-protector-all -Wendif-labels -Wmissing-include-dirs -Wempty-body -Wnested-externs -Wformat-security -Wformat-y2k -Winit-self -Wignored-qualifiers -Wold-style-declaration -Wold-style-definition -Wtype-limits -I/usr/include/libpng12 -O2 -c -o /tmp/qemu-conf--570-.o /tmp/qemu-conf--570-.cpp
cc1plus: warning: command line option ‘-Wstrict-prototypes’ is valid for C/ObjC but not for C++ [enabled by default]
cc1plus: warning: command line option ‘-Wmissing-prototypes’ is valid for C/ObjC but not for C++ [enabled by default]
cc1plus: warning: command line option ‘-Wnested-externs’ is valid for C/ObjC but not for C++ [enabled by default]
cc1plus: warning: command line option ‘-Wold-style-declaration’ is valid for C/ObjC but not for C++ [enabled by default]
cc1plus: warning: command line option ‘-Wold-style-definition’ is valid for C/ObjC but not for C++ [enabled by default]
3.3
g++ -m64 -D_FORTIFY_SOURCE=2 -D_GNU_SOURCE -D_FILE_OFFSET_BITS=64 -D_LARGEFILE_SOURCE -Wstrict-prototypes -Wall -Wundef -Wwrite-strings -Wmissing-prototypes -fno-strict-aliasing -O2 -I/usr/local/include -fstack-protector-all -Wendif-labels -Wmissing-include-dirs -Wempty-body -Wnested-externs -Wformat-security -Wformat-y2k -Winit-self -Wignored-qualifiers -Wold-style-declaration -Wold-style-definition -Wtype-limits -I/usr/include/libpng12 -I/usr/lib/llvm-3.3/include -DNDEBUG -D_GNU_SOURCE -D__STDC_CONSTANT_MACROS -D__STDC_FORMAT_MACROS -D__STDC_LIMIT_MACROS -g -O2 -fomit-frame-pointer -fPIC -o /tmp/qemu-conf--570-.exe /tmp/qemu-conf--570-.c -m64 -g -L/usr/local/lib -L/usr/local/lib64 -L/usr/local/lib -lprotobuf-c -lprotobuf -lpthread -rdynamic -lLLVMIRReader -lLLVMAsmParser -lLLVMSystemZCodeGen -lLLVMSystemZAsmParser -lLLVMSystemZDesc -lLLVMSystemZInfo -lLLVMSystemZAsmPrinter -lLLVMHexagonCodeGen -lLLVMHexagonAsmPrinter -lLLVMHexagonDesc -lLLVMHexagonInfo -lLLVMNVPTXCodeGen -lLLVMNVPTXDesc -lLLVMNVPTXInfo -lLLVMNVPTXAsmPrinter -lLLVMMBlazeDisassembler -lLLVMMBlazeCodeGen -lLLVMMBlazeDesc -lLLVMMBlazeAsmPrinter -lLLVMMBlazeAsmParser -lLLVMMBlazeInfo -lLLVMCppBackendCodeGen -lLLVMCppBackendInfo -lLLVMMSP430CodeGen -lLLVMMSP430Desc -lLLVMMSP430Info -lLLVMMSP430AsmPrinter -lLLVMXCoreDisassembler -lLLVMXCoreCodeGen -lLLVMXCoreDesc -lLLVMXCoreInfo -lLLVMXCoreAsmPrinter -lLLVMMipsDisassembler -lLLVMMipsCodeGen -lLLVMMipsAsmParser -lLLVMMipsDesc -lLLVMMipsInfo -lLLVMMipsAsmPrinter -lLLVMARMDisassembler -lLLVMARMCodeGen -lLLVMARMAsmParser -lLLVMARMDesc -lLLVMARMInfo -lLLVMARMAsmPrinter -lLLVMAArch64Disassembler -lLLVMAArch64CodeGen -lLLVMAArch64AsmParser -lLLVMAArch64Desc -lLLVMAArch64Info -lLLVMAArch64AsmPrinter -lLLVMAArch64Utils -lLLVMPowerPCCodeGen -lLLVMPowerPCDesc -lLLVMPowerPCAsmPrinter -lLLVMPowerPCAsmParser -lLLVMPowerPCInfo -lLLVMSparcCodeGen -lLLVMSparcDesc -lLLVMSparcInfo -lLLVMR600CodeGen -lLLVMR600Desc -lLLVMR600Info -lLLVMR600AsmPrinter -lLLVMTableGen -lLLVMDebugInfo -lLLVMOption -lLLVMX86Disassembler -lLLVMX86AsmParser -lLLVMX86CodeGen -lLLVMSelectionDAG -lLLVMAsmPrinter -lLLVMX86Desc -lLLVMX86Info -lLLVMX86AsmPrinter -lLLVMX86Utils -lLLVMMCDisassembler -lLLVMMCParser -lLLVMInstrumentation -lLLVMArchive -lLLVMBitReader -lLLVMInterpreter -lLLVMipo -lLLVMVectorize -lLLVMLinker -lLLVMBitWriter -lLLVMMCJIT -lLLVMJIT -lLLVMCodeGen -lLLVMObjCARCOpts -lLLVMScalarOpts -lLLVMInstCombine -lLLVMTransformUtils -lLLVMipa -lLLVMAnalysis -lLLVMRuntimeDyld -lLLVMExecutionEngine -lLLVMTarget -lLLVMMC -lLLVMObject -lLLVMCore -lLLVMSupport -L/usr/lib/llvm-3.3/lib -lpthread -lffi -ldl -lm
cc1plus: warning: command line option ‘-Wstrict-prototypes’ is valid for C/ObjC but not for C++ [enabled by default]
cc1plus: warning: command line option ‘-Wmissing-prototypes’ is valid for C/ObjC but not for C++ [enabled by default]
cc1plus: warning: command line option ‘-Wnested-externs’ is valid for C/ObjC but not for C++ [enabled by default]
cc1plus: warning: command line option ‘-Wold-style-declaration’ is valid for C/ObjC but not for C++ [enabled by default]
cc1plus: warning: command line option ‘-Wold-style-definition’ is valid for C/ObjC but not for C++ [enabled by default]
/tmp/qemu-conf--570-.cpp: In function ‘int main()’:
/tmp/qemu-conf--570-.cpp:2:37: warning: unused variable ‘c’ [-Wunused-variable]
 int main(void) { llvm::LLVMContext& c = llvm::getGlobalContext(); return 0; }
                                     ^
Ubuntu clang version 3.3-16ubuntu1 (branches/release_33) (based on LLVM 3.3)
Target: x86_64-pc-linux-gnu
Thread model: posix
Ubuntu clang version 3.3-16ubuntu1 (branches/release_33) (based on LLVM 3.3)
Target: x86_64-pc-linux-gnu
Thread model: posix
gcc -m64 -D_FORTIFY_SOURCE=2 -D_GNU_SOURCE -D_FILE_OFFSET_BITS=64 -D_LARGEFILE_SOURCE -Wstrict-prototypes -Wall -Wundef -Wwrite-strings -Wmissing-prototypes -fno-strict-aliasing -O2 -I/usr/local/include -fstack-protector-all -Wendif-labels -Wmissing-include-dirs -Wempty-body -Wnested-externs -Wformat-security -Wformat-y2k -Winit-self -Wignored-qualifiers -Wold-style-declaration -Wold-style-definition -Wtype-limits -I/usr/include/libpng12 -o /tmp/qemu-conf--570-.exe /tmp/qemu-conf--570-.c -m64 -g -L/usr/local/lib -L/usr/local/lib64 -L/usr/local/lib -lprotobuf-c -lprotobuf -lpthread -rdynamic
gcc -m64 -D_FORTIFY_SOURCE=2 -D_GNU_SOURCE -D_FILE_OFFSET_BITS=64 -D_LARGEFILE_SOURCE -Wstrict-prototypes -Wall -Wundef -Wwrite-strings -Wmissing-prototypes -fno-strict-aliasing -O2 -I/usr/local/include -fstack-protector-all -Wendif-labels -Wmissing-include-dirs -Wempty-body -Wnested-externs -Wformat-security -Wformat-y2k -Winit-self -Wignored-qualifiers -Wold-style-declaration -Wold-style-definition -Wtype-limits -I/usr/include/libpng12 -o /tmp/qemu-conf--570-.exe /tmp/qemu-conf--570-.c -m64 -g -L/usr/local/lib -L/usr/local/lib64 -L/usr/local/lib -lprotobuf-c -lprotobuf -lpthread -rdynamic
gcc -m64 -D_FORTIFY_SOURCE=2 -D_GNU_SOURCE -D_FILE_OFFSET_BITS=64 -D_LARGEFILE_SOURCE -Wstrict-prototypes -Wall -Wundef -Wwrite-strings -Wmissing-prototypes -fno-strict-aliasing -O2 -I/usr/local/include -fstack-protector-all -Wendif-labels -Wmissing-include-dirs -Wempty-body -Wnested-externs -Wformat-security -Wformat-y2k -Winit-self -Wignored-qualifiers -Wold-style-declaration -Wold-style-definition -Wtype-limits -I/usr/include/libpng12 -o /tmp/qemu-conf--570-.exe /tmp/qemu-conf--570-.c -m64 -g -L/usr/local/lib -L/usr/local/lib64 -L/usr/local/lib -lprotobuf-c -lprotobuf -lpthread -rdynamic
gcc -m64 -D_FORTIFY_SOURCE=2 -D_GNU_SOURCE -D_FILE_OFFSET_BITS=64 -D_LARGEFILE_SOURCE -Wstrict-prototypes -Wall -Wundef -Wwrite-strings -Wmissing-prototypes -fno-strict-aliasing -O2 -I/usr/local/include -fstack-protector-all -Wendif-labels -Wmissing-include-dirs -Wempty-body -Wnested-externs -Wformat-security -Wformat-y2k -Winit-self -Wignored-qualifiers -Wold-style-declaration -Wold-style-definition -Wtype-limits -I/usr/include/libpng12 -o /tmp/qemu-conf--570-.exe /tmp/qemu-conf--570-.c -m64 -g -L/usr/local/lib -L/usr/local/lib64 -L/usr/local/lib -lprotobuf-c -lprotobuf -lpthread -rdynamic
/tmp/qemu-conf--570-.c: In function ‘main’:
/tmp/qemu-conf--570-.c:7:5: warning: implicit declaration of function ‘utimensat’ [-Wimplicit-function-declaration]
     utimensat(AT_FDCWD, "foo", NULL, 0);
     ^
/tmp/qemu-conf--570-.c:7:5: warning: nested extern declaration of ‘utimensat’ [-Wnested-externs]
/tmp/qemu-conf--570-.c:8:5: warning: implicit declaration of function ‘futimens’ [-Wimplicit-function-declaration]
     futimens(0, NULL);
     ^
/tmp/qemu-conf--570-.c:8:5: warning: nested extern declaration of ‘futimens’ [-Wnested-externs]
gcc -m64 -D_FORTIFY_SOURCE=2 -D_GNU_SOURCE -D_FILE_OFFSET_BITS=64 -D_LARGEFILE_SOURCE -Wstrict-prototypes -Wall -Wundef -Wwrite-strings -Wmissing-prototypes -fno-strict-aliasing -O2 -I/usr/local/include -fstack-protector-all -Wendif-labels -Wmissing-include-dirs -Wempty-body -Wnested-externs -Wformat-security -Wformat-y2k -Winit-self -Wignored-qualifiers -Wold-style-declaration -Wold-style-definition -Wtype-limits -I/usr/include/libpng12 -o /tmp/qemu-conf--570-.exe /tmp/qemu-conf--570-.c -m64 -g -L/usr/local/lib -L/usr/local/lib64 -L/usr/local/lib -lprotobuf-c -lprotobuf -lpthread -rdynamic
/tmp/qemu-conf--570-.c: In function ‘main’:
/tmp/qemu-conf--570-.c:7:10: warning: ignoring return value of ‘pipe2’, declared with attribute warn_unused_result [-Wunused-result]
     pipe2(pipefd, O_CLOEXEC);
          ^
gcc -m64 -D_FORTIFY_SOURCE=2 -D_GNU_SOURCE -D_FILE_OFFSET_BITS=64 -D_LARGEFILE_SOURCE -Wstrict-prototypes -Wall -Wundef -Wwrite-strings -Wmissing-prototypes -fno-strict-aliasing -O2 -I/usr/local/include -fstack-protector-all -Wendif-labels -Wmissing-include-dirs -Wempty-body -Wnested-externs -Wformat-security -Wformat-y2k -Winit-self -Wignored-qualifiers -Wold-style-declaration -Wold-style-definition -Wtype-limits -I/usr/include/libpng12 -o /tmp/qemu-conf--570-.exe /tmp/qemu-conf--570-.c -m64 -g -L/usr/local/lib -L/usr/local/lib64 -L/usr/local/lib -lprotobuf-c -lprotobuf -lpthread -rdynamic
gcc -m64 -D_FORTIFY_SOURCE=2 -D_GNU_SOURCE -D_FILE_OFFSET_BITS=64 -D_LARGEFILE_SOURCE -Wstrict-prototypes -Wall -Wundef -Wwrite-strings -Wmissing-prototypes -fno-strict-aliasing -O2 -I/usr/local/include -fstack-protector-all -Wendif-labels -Wmissing-include-dirs -Wempty-body -Wnested-externs -Wformat-security -Wformat-y2k -Winit-self -Wignored-qualifiers -Wold-style-declaration -Wold-style-definition -Wtype-limits -I/usr/include/libpng12 -o /tmp/qemu-conf--570-.exe /tmp/qemu-conf--570-.c -m64 -g -L/usr/local/lib -L/usr/local/lib64 -L/usr/local/lib -lprotobuf-c -lprotobuf -lpthread -rdynamic
/tmp/qemu-conf--570-.c: In function ‘main’:
/tmp/qemu-conf--570-.c:9:11: warning: ‘fd’ is used uninitialized in this function [-Wuninitialized]
     splice(STDIN_FILENO, NULL, fd, NULL, len, SPLICE_F_MOVE);
           ^
gcc -m64 -D_FORTIFY_SOURCE=2 -D_GNU_SOURCE -D_FILE_OFFSET_BITS=64 -D_LARGEFILE_SOURCE -Wstrict-prototypes -Wall -Wundef -Wwrite-strings -Wmissing-prototypes -fno-strict-aliasing -O2 -I/usr/local/include -fstack-protector-all -Wendif-labels -Wmissing-include-dirs -Wempty-body -Wnested-externs -Wformat-security -Wformat-y2k -Winit-self -Wignored-qualifiers -Wold-style-declaration -Wold-style-definition -Wtype-limits -I/usr/include/libpng12 -o /tmp/qemu-conf--570-.exe /tmp/qemu-conf--570-.c -m64 -g -L/usr/local/lib -L/usr/local/lib64 -L/usr/local/lib -lprotobuf-c -lprotobuf -lpthread -rdynamic
/tmp/qemu-conf--570-.c:1:0: warning: "_GNU_SOURCE" redefined [enabled by default]
 #define _GNU_SOURCE
 ^
<command-line>:0:0: note: this is the location of the previous definition
gcc -m64 -D_FORTIFY_SOURCE=2 -D_GNU_SOURCE -D_FILE_OFFSET_BITS=64 -D_LARGEFILE_SOURCE -Wstrict-prototypes -Wall -Wundef -Wwrite-strings -Wmissing-prototypes -fno-strict-aliasing -O2 -I/usr/local/include -fstack-protector-all -Wendif-labels -Wmissing-include-dirs -Wempty-body -Wnested-externs -Wformat-security -Wformat-y2k -Winit-self -Wignored-qualifiers -Wold-style-declaration -Wold-style-definition -Wtype-limits -I/usr/include/libpng12 -o /tmp/qemu-conf--570-.exe /tmp/qemu-conf--570-.c -m64 -g -L/usr/local/lib -L/usr/local/lib64 -L/usr/local/lib -lprotobuf-c -lprotobuf -lpthread -rdynamic
/tmp/qemu-conf--570-.c: In function ‘main’:
/tmp/qemu-conf--570-.c:5:9: warning: unused variable ‘efd’ [-Wunused-variable]
     int efd = eventfd(0, EFD_NONBLOCK | EFD_CLOEXEC);
         ^
gcc -m64 -D_FORTIFY_SOURCE=2 -D_GNU_SOURCE -D_FILE_OFFSET_BITS=64 -D_LARGEFILE_SOURCE -Wstrict-prototypes -Wall -Wundef -Wwrite-strings -Wmissing-prototypes -fno-strict-aliasing -O2 -I/usr/local/include -fstack-protector-all -Wendif-labels -Wmissing-include-dirs -Wempty-body -Wnested-externs -Wformat-security -Wformat-y2k -Winit-self -Wignored-qualifiers -Wold-style-declaration -Wold-style-definition -Wtype-limits -I/usr/include/libpng12 -o /tmp/qemu-conf--570-.exe /tmp/qemu-conf--570-.c -m64 -g -L/usr/local/lib -L/usr/local/lib64 -L/usr/local/lib -lprotobuf-c -lprotobuf -lpthread -rdynamic
gcc -m64 -D_FORTIFY_SOURCE=2 -D_GNU_SOURCE -D_FILE_OFFSET_BITS=64 -D_LARGEFILE_SOURCE -Wstrict-prototypes -Wall -Wundef -Wwrite-strings -Wmissing-prototypes -fno-strict-aliasing -O2 -I/usr/local/include -fstack-protector-all -Wendif-labels -Wmissing-include-dirs -Wempty-body -Wnested-externs -Wformat-security -Wformat-y2k -Winit-self -Wignored-qualifiers -Wold-style-declaration -Wold-style-definition -Wtype-limits -I/usr/include/libpng12 -o /tmp/qemu-conf--570-.exe /tmp/qemu-conf--570-.c -m64 -g -L/usr/local/lib -L/usr/local/lib64 -L/usr/local/lib -lprotobuf-c -lprotobuf -lpthread -rdynamic
gcc -m64 -D_FORTIFY_SOURCE=2 -D_GNU_SOURCE -D_FILE_OFFSET_BITS=64 -D_LARGEFILE_SOURCE -Wstrict-prototypes -Wall -Wundef -Wwrite-strings -Wmissing-prototypes -fno-strict-aliasing -O2 -I/usr/local/include -fstack-protector-all -Wendif-labels -Wmissing-include-dirs -Wempty-body -Wnested-externs -Wformat-security -Wformat-y2k -Winit-self -Wignored-qualifiers -Wold-style-declaration -Wold-style-definition -Wtype-limits -I/usr/include/libpng12 -o /tmp/qemu-conf--570-.exe /tmp/qemu-conf--570-.c -m64 -g -L/usr/local/lib -L/usr/local/lib64 -L/usr/local/lib -lprotobuf-c -lprotobuf -lpthread -rdynamic
gcc -m64 -D_FORTIFY_SOURCE=2 -D_GNU_SOURCE -D_FILE_OFFSET_BITS=64 -D_LARGEFILE_SOURCE -Wstrict-prototypes -Wall -Wundef -Wwrite-strings -Wmissing-prototypes -fno-strict-aliasing -O2 -I/usr/local/include -fstack-protector-all -Wendif-labels -Wmissing-include-dirs -Wempty-body -Wnested-externs -Wformat-security -Wformat-y2k -Winit-self -Wignored-qualifiers -Wold-style-declaration -Wold-style-definition -Wtype-limits -I/usr/include/libpng12 -o /tmp/qemu-conf--570-.exe /tmp/qemu-conf--570-.c -m64 -g -L/usr/local/lib -L/usr/local/lib64 -L/usr/local/lib -lprotobuf-c -lprotobuf -lpthread -rdynamic
gcc -m64 -D_FORTIFY_SOURCE=2 -D_GNU_SOURCE -D_FILE_OFFSET_BITS=64 -D_LARGEFILE_SOURCE -Wstrict-prototypes -Wall -Wundef -Wwrite-strings -Wmissing-prototypes -fno-strict-aliasing -O2 -I/usr/local/include -fstack-protector-all -Wendif-labels -Wmissing-include-dirs -Wempty-body -Wnested-externs -Wformat-security -Wformat-y2k -Winit-self -Wignored-qualifiers -Wold-style-declaration -Wold-style-definition -Wtype-limits -I/usr/include/libpng12 -o /tmp/qemu-conf--570-.exe /tmp/qemu-conf--570-.c -m64 -g -L/usr/local/lib -L/usr/local/lib64 -L/usr/local/lib -lprotobuf-c -lprotobuf -lpthread -rdynamic
gcc -m64 -D_FORTIFY_SOURCE=2 -D_GNU_SOURCE -D_FILE_OFFSET_BITS=64 -D_LARGEFILE_SOURCE -Wstrict-prototypes -Wall -Wundef -Wwrite-strings -Wmissing-prototypes -fno-strict-aliasing -O2 -I/usr/local/include -fstack-protector-all -Wendif-labels -Wmissing-include-dirs -Wempty-body -Wnested-externs -Wformat-security -Wformat-y2k -Winit-self -Wignored-qualifiers -Wold-style-declaration -Wold-style-definition -Wtype-limits -I/usr/include/libpng12 -o /tmp/qemu-conf--570-.exe /tmp/qemu-conf--570-.c -m64 -g -L/usr/local/lib -L/usr/local/lib64 -L/usr/local/lib -lprotobuf-c -lprotobuf -lpthread -rdynamic
/tmp/qemu-conf--570-.c: In function ‘main’:
/tmp/qemu-conf--570-.c:13:5: warning: statement with no effect [-Wunused-value]
     epoll_create1;
     ^
gcc -m64 -D_FORTIFY_SOURCE=2 -D_GNU_SOURCE -D_FILE_OFFSET_BITS=64 -D_LARGEFILE_SOURCE -Wstrict-prototypes -Wall -Wundef -Wwrite-strings -Wmissing-prototypes -fno-strict-aliasing -O2 -I/usr/local/include -fstack-protector-all -Wendif-labels -Wmissing-include-dirs -Wempty-body -Wnested-externs -Wformat-security -Wformat-y2k -Winit-self -Wignored-qualifiers -Wold-style-declaration -Wold-style-definition -Wtype-limits -I/usr/include/libpng12 -o /tmp/qemu-conf--570-.exe /tmp/qemu-conf--570-.c -m64 -g -L/usr/local/lib -L/usr/local/lib64 -L/usr/local/lib -lprotobuf-c -lprotobuf -lpthread -rdynamic
gcc -m64 -D_FORTIFY_SOURCE=2 -D_GNU_SOURCE -D_FILE_OFFSET_BITS=64 -D_LARGEFILE_SOURCE -Wstrict-prototypes -Wall -Wundef -Wwrite-strings -Wmissing-prototypes -fno-strict-aliasing -O2 -I/usr/local/include -fstack-protector-all -Wendif-labels -Wmissing-include-dirs -Wempty-body -Wnested-externs -Wformat-security -Wformat-y2k -Winit-self -Wignored-qualifiers -Wold-style-declaration -Wold-style-definition -Wtype-limits -I/usr/include/libpng12 -o /tmp/qemu-conf--570-.exe /tmp/qemu-conf--570-.c -m64 -g -L/usr/local/lib -L/usr/local/lib64 -L/usr/local/lib -lprotobuf-c -lprotobuf -lpthread -rdynamic
gcc -m64 -D_FORTIFY_SOURCE=2 -D_GNU_SOURCE -D_FILE_OFFSET_BITS=64 -D_LARGEFILE_SOURCE -Wstrict-prototypes -Wall -Wundef -Wwrite-strings -Wmissing-prototypes -fno-strict-aliasing -O2 -I/usr/local/include -fstack-protector-all -Wendif-labels -Wmissing-include-dirs -Wempty-body -Wnested-externs -Wformat-security -Wformat-y2k -Winit-self -Wignored-qualifiers -Wold-style-declaration -Wold-style-definition -Wtype-limits -I/usr/include/libpng12 -o /tmp/qemu-conf--570-.exe /tmp/qemu-conf--570-.c -m64 -g -L/usr/local/lib -L/usr/local/lib64 -L/usr/local/lib -lprotobuf-c -lprotobuf -lpthread -rdynamic
/tmp/qemu-conf--570-.c:1:24: fatal error: sys/endian.h: No such file or directory
 #include <sys/endian.h>
                        ^
compilation terminated.
gcc -m64 -D_FORTIFY_SOURCE=2 -D_GNU_SOURCE -D_FILE_OFFSET_BITS=64 -D_LARGEFILE_SOURCE -Wstrict-prototypes -Wall -Wundef -Wwrite-strings -Wmissing-prototypes -fno-strict-aliasing -O2 -I/usr/local/include -fstack-protector-all -Wendif-labels -Wmissing-include-dirs -Wempty-body -Wnested-externs -Wformat-security -Wformat-y2k -Winit-self -Wignored-qualifiers -Wold-style-declaration -Wold-style-definition -Wtype-limits -I/usr/include/libpng12 -o /tmp/qemu-conf--570-.exe /tmp/qemu-conf--570-.c -m64 -g -L/usr/local/lib -L/usr/local/lib64 -L/usr/local/lib -lprotobuf-c -lprotobuf -lpthread -rdynamic
/tmp/qemu-conf--570-.c: In function ‘main’:
/tmp/qemu-conf--570-.c:5:85: warning: ‘id’ is used uninitialized in this function [-Wuninitialized]
 int main(void) { clockid_t id; mqd_t x; x = mq_open("name", O_RDONLY); mq_close(x); return clock_gettime(id, NULL); }
                                                                                     ^
/tmp/qemu-conf--570-.c:5:28: note: ‘id’ was declared here
 int main(void) { clockid_t id; mqd_t x; x = mq_open("name", O_RDONLY); mq_close(x); return clock_gettime(id, NULL); }
                            ^
/tmp/ccCM1UI8.o: In function `mq_open':
/usr/include/x86_64-linux-gnu/bits/mqueue2.h:50: undefined reference to `mq_open'
/tmp/ccCM1UI8.o: In function `main':
/tmp/qemu-conf--570-.c:5: undefined reference to `mq_close'
collect2: error: ld returned 1 exit status
gcc -m64 -D_FORTIFY_SOURCE=2 -D_GNU_SOURCE -D_FILE_OFFSET_BITS=64 -D_LARGEFILE_SOURCE -Wstrict-prototypes -Wall -Wundef -Wwrite-strings -Wmissing-prototypes -fno-strict-aliasing -O2 -I/usr/local/include -fstack-protector-all -Wendif-labels -Wmissing-include-dirs -Wempty-body -Wnested-externs -Wformat-security -Wformat-y2k -Winit-self -Wignored-qualifiers -Wold-style-declaration -Wold-style-definition -Wtype-limits -I/usr/include/libpng12 -o /tmp/qemu-conf--570-.exe /tmp/qemu-conf--570-.c -m64 -g -L/usr/local/lib -L/usr/local/lib64 -L/usr/local/lib -lprotobuf-c -lprotobuf -lpthread -rdynamic -lrt
/tmp/qemu-conf--570-.c: In function ‘main’:
/tmp/qemu-conf--570-.c:5:85: warning: ‘id’ is used uninitialized in this function [-Wuninitialized]
 int main(void) { clockid_t id; mqd_t x; x = mq_open("name", O_RDONLY); mq_close(x); return clock_gettime(id, NULL); }
                                                                                     ^
/tmp/qemu-conf--570-.c:5:28: note: ‘id’ was declared here
 int main(void) { clockid_t id; mqd_t x; x = mq_open("name", O_RDONLY); mq_close(x); return clock_gettime(id, NULL); }
                            ^
gcc -m64 -D_FORTIFY_SOURCE=2 -D_GNU_SOURCE -D_FILE_OFFSET_BITS=64 -D_LARGEFILE_SOURCE -Wstrict-prototypes -Wall -Wundef -Wwrite-strings -Wmissing-prototypes -fno-strict-aliasing -O2 -I/usr/local/include -fstack-protector-all -Wendif-labels -Wmissing-include-dirs -Wempty-body -Wnested-externs -Wformat-security -Wformat-y2k -Winit-self -Wignored-qualifiers -Wold-style-declaration -Wold-style-definition -Wtype-limits -I/usr/include/libpng12 -o /tmp/qemu-conf--570-.exe /tmp/qemu-conf--570-.c -m64 -g -L/usr/local/lib -L/usr/local/lib64 -L/usr/local/lib -lprotobuf-c -lprotobuf -lpthread -rdynamic
gcc -m64 -D_FORTIFY_SOURCE=2 -D_GNU_SOURCE -D_FILE_OFFSET_BITS=64 -D_LARGEFILE_SOURCE -Wstrict-prototypes -Wall -Wundef -Wwrite-strings -Wmissing-prototypes -fno-strict-aliasing -O2 -I/usr/local/include -fstack-protector-all -Wendif-labels -Wmissing-include-dirs -Wempty-body -Wnested-externs -Wformat-security -Wformat-y2k -Winit-self -Wignored-qualifiers -Wold-style-declaration -Wold-style-definition -Wtype-limits -I/usr/include/libpng12 -o /tmp/qemu-conf--570-.exe /tmp/qemu-conf--570-.c -m64 -g -L/usr/local/lib -L/usr/local/lib64 -L/usr/local/lib -lprotobuf-c -lprotobuf -lpthread -rdynamic
gcc -m64 -D_FORTIFY_SOURCE=2 -D_GNU_SOURCE -D_FILE_OFFSET_BITS=64 -D_LARGEFILE_SOURCE -Wstrict-prototypes -Wall -Wundef -Wwrite-strings -Wmissing-prototypes -fno-strict-aliasing -O2 -I/usr/local/include -fstack-protector-all -Wendif-labels -Wmissing-include-dirs -Wempty-body -Wnested-externs -Wformat-security -Wformat-y2k -Winit-self -Wignored-qualifiers -Wold-style-declaration -Wold-style-definition -Wtype-limits -I/usr/include/libpng12 -o /tmp/qemu-conf--570-.exe /tmp/qemu-conf--570-.c -m64 -g -L/usr/local/lib -L/usr/local/lib64 -L/usr/local/lib -lprotobuf-c -lprotobuf -lpthread -rdynamic
gcc -m64 -D_FORTIFY_SOURCE=2 -D_GNU_SOURCE -D_FILE_OFFSET_BITS=64 -D_LARGEFILE_SOURCE -Wstrict-prototypes -Wall -Wundef -Wwrite-strings -Wmissing-prototypes -fno-strict-aliasing -O2 -I/usr/local/include -fstack-protector-all -Wendif-labels -Wmissing-include-dirs -Wempty-body -Wnested-externs -Wformat-security -Wformat-y2k -Winit-self -Wignored-qualifiers -Wold-style-declaration -Wold-style-definition -Wtype-limits -I/usr/include/libpng12 -o /tmp/qemu-conf--570-.exe /tmp/qemu-conf--570-.c -m64 -g -L/usr/local/lib -L/usr/local/lib64 -L/usr/local/lib -lprotobuf-c -lprotobuf -lpthread -rdynamic
gcc -m64 -D_FORTIFY_SOURCE=2 -D_GNU_SOURCE -D_FILE_OFFSET_BITS=64 -D_LARGEFILE_SOURCE -Wstrict-prototypes -Wall -Wundef -Wwrite-strings -Wmissing-prototypes -fno-strict-aliasing -O2 -I/usr/local/include -fstack-protector-all -Wendif-labels -Wmissing-include-dirs -Wempty-body -Wnested-externs -Wformat-security -Wformat-y2k -Winit-self -Wignored-qualifiers -Wold-style-declaration -Wold-style-definition -Wtype-limits -I/usr/include/libpng12 -o /tmp/qemu-conf--570-.exe /tmp/qemu-conf--570-.c -m64 -g -L/usr/local/lib -L/usr/local/lib64 -L/usr/local/lib -lprotobuf-c -lprotobuf -lpthread -rdynamic
/tmp/qemu-conf--570-.c: In function ‘main’:
/tmp/qemu-conf--570-.c:2:1: warning: control reaches end of non-void function [-Wreturn-type]
 int main(void) { makecontext(0, 0, 0); }
 ^
gcc -m64 -D_FORTIFY_SOURCE=2 -D_GNU_SOURCE -D_FILE_OFFSET_BITS=64 -D_LARGEFILE_SOURCE -Wstrict-prototypes -Wall -Wundef -Wwrite-strings -Wmissing-prototypes -fno-strict-aliasing -O2 -I/usr/local/include -fstack-protector-all -Wendif-labels -Wmissing-include-dirs -Wempty-body -Wnested-externs -Wformat-security -Wformat-y2k -Winit-self -Wignored-qualifiers -Wold-style-declaration -Wold-style-definition -Wtype-limits -I/usr/include/libpng12 -o /tmp/qemu-conf--570-.exe /tmp/qemu-conf--570-.c -m64 -g -L/usr/local/lib -L/usr/local/lib64 -L/usr/local/lib -lprotobuf-c -lprotobuf -lpthread -rdynamic
/tmp/qemu-conf--570-.c: In function ‘main’:
/tmp/qemu-conf--570-.c:2:25: warning: control reaches end of non-void function [-Wreturn-type]
 int main(void) { struct file_handle fh; open_by_handle_at(0, &fh, 0); }
                         ^
gcc -m64 -D_FORTIFY_SOURCE=2 -D_GNU_SOURCE -D_FILE_OFFSET_BITS=64 -D_LARGEFILE_SOURCE -Wstrict-prototypes -Wall -Wundef -Wwrite-strings -Wmissing-prototypes -fno-strict-aliasing -O2 -I/usr/local/include -fstack-protector-all -Wendif-labels -Wmissing-include-dirs -Wempty-body -Wnested-externs -Wformat-security -Wformat-y2k -Winit-self -Wignored-qualifiers -Wold-style-declaration -Wold-style-definition -Wtype-limits -I/usr/include/libpng12 -o /tmp/qemu-conf--570-.exe /tmp/qemu-conf--570-.c -m64 -g -L/usr/local/lib -L/usr/local/lib64 -L/usr/local/lib -lprotobuf-c -lprotobuf -lpthread -rdynamic
/tmp/qemu-conf--570-.c: In function ‘main’:
/tmp/qemu-conf--570-.c:3:1: warning: control reaches end of non-void function [-Wreturn-type]
 }
 ^
