Faros loading ...!
calling ZwDeviceIoControlFile, process name: WeChat.exe
ret from ZwDeviceIoControlFile
calling ZwDeviceIoControlFile, process name: WeChat.exe
NtDeviceIoControlFile_enter -> type: 1, buffSize: 305
 buffer: 
before query, src_addr: 97168728
ret from ZwDeviceIoControlFile
calling ZwDeviceIoControlFile, process name: WeChat.exe
ret from ZwDeviceIoControlFile
calling ZwDeviceIoControlFile, process name: WeChat.exe
ret from ZwDeviceIoControlFile
calling ZwDeviceIoControlFile, process name: WeChat.exe
ret from ZwDeviceIoControlFile
calling ZwDeviceIoControlFile, process name: WeChat.exe
ret from ZwDeviceIoControlFile
calling ZwDeviceIoControlFile, process name: WeChat.exe
ret from ZwDeviceIoControlFile
calling ZwDeviceIoControlFile, process name: WeChat.exe
ret from ZwDeviceIoControlFile
calling ZwDeviceIoControlFile, process name: WeChat.exe
ret from ZwDeviceIoControlFile
calling ZwDeviceIoControlFile, process name: WeChat.exe
ret from ZwDeviceIoControlFile
calling ZwDeviceIoControlFile, process name: WeChat.exe
ret from ZwDeviceIoControlFile
calling ZwDeviceIoControlFile, process name: WeChat.exe
ret from ZwDeviceIoControlFile
calling ZwDeviceIoControlFile, process name: WeChat.exe
ret from ZwDeviceIoControlFile
calling ZwDeviceIoControlFile, process name: WeChat.exe
ret from ZwDeviceIoControlFile
calling ZwDeviceIoControlFile, process name: WeChat.exe
ret from ZwDeviceIoControlFile
calling ZwDeviceIoControlFile, process name: WeChat.exe
ret from ZwDeviceIoControlFile
calling ZwDeviceIoControlFile, process name: WeChat.exe
ret from ZwDeviceIoControlFile
calling ZwDeviceIoControlFile, process name: WeChat.exe
ret from ZwDeviceIoControlFile
calling ZwDeviceIoControlFile, process name: WeChat.exe
ret from ZwDeviceIoControlFile
calling ZwDeviceIoControlFile, process name: WeChat.exe
ret from ZwDeviceIoControlFile
calling GetAdaptersInfo, process name: WeChat.exe
calling ZwDeviceIoControlFile, process name: WeChat.exe
ret from ZwDeviceIoControlFile
calling ZwDeviceIoControlFile, process name: WeChat.exe
ret from ZwDeviceIoControlFile
calling ZwDeviceIoControlFile, process name: WeChat.exe
ret from ZwDeviceIoControlFile
calling ZwDeviceIoControlFile, process name: WeChat.exe
ret from ZwDeviceIoControlFile
calling ZwDeviceIoControlFile, process name: WeChat.exe
ret from ZwDeviceIoControlFile
calling ZwDeviceIoControlFile, process name: WeChat.exe
ret from ZwDeviceIoControlFile
calling ZwDeviceIoControlFile, process name: WeChat.exe
ret from ZwDeviceIoControlFile
calling ZwDeviceIoControlFile, process name: WeChat.exe
ret from ZwDeviceIoControlFile
calling ZwDeviceIoControlFile, process name: WeChat.exe
ret from ZwDeviceIoControlFile
calling ZwDeviceIoControlFile, process name: WeChat.exe
ret from ZwDeviceIoControlFile
calling ZwDeviceIoControlFile, process name: WeChat.exe
ret from ZwDeviceIoControlFile
calling ZwDeviceIoControlFile, process name: WeChat.exe
ret from ZwDeviceIoControlFile
calling ZwDeviceIoControlFile, process name: WeChat.exe
ret from ZwDeviceIoControlFile
calling ZwDeviceIoControlFile, process name: WeChat.exe
ret from ZwDeviceIoControlFile
calling ZwDeviceIoControlFile, process name: WeChat.exe
ret from ZwDeviceIoControlFile
calling ZwDeviceIoControlFile, process name: WeChat.exe
ret from ZwDeviceIoControlFile
calling ZwDeviceIoControlFile, process name: WeChat.exe
ret from ZwDeviceIoControlFile
calling ZwDeviceIoControlFile, process name: WeChat.exe
ret from ZwDeviceIoControlFile
calling ZwDeviceIoControlFile, process name: WeChat.exe
ret from ZwDeviceIoControlFile
calling ZwDeviceIoControlFile, process name: WeChat.exe
ret from ZwDeviceIoControlFile
calling ZwDeviceIoControlFile, process name: WeChat.exe
ret from ZwDeviceIoControlFile
calling ZwDeviceIoControlFile, process name: WeChat.exe
ret from ZwDeviceIoControlFile
calling ZwDeviceIoControlFile, process name: WeChat.exe
ret from ZwDeviceIoControlFile
calling ZwDeviceIoControlFile, process name: WeChat.exe
ret from ZwDeviceIoControlFile
calling ZwDeviceIoControlFile, process name: WeChat.exe
ret from ZwDeviceIoControlFile
calling ZwDeviceIoControlFile, process name: WeChat.exe
ret from ZwDeviceIoControlFile
calling ZwDeviceIoControlFile, process name: WeChat.exe
ret from ZwDeviceIoControlFile
calling GetAdaptersInfo, process name: WeChat.exe
calling ZwDeviceIoControlFile, process name: WeChat.exe
ret from ZwDeviceIoControlFile
calling ZwDeviceIoControlFile, process name: WeChat.exe
ret from ZwDeviceIoControlFile
calling ZwDeviceIoControlFile, process name: WeChat.exe
ret from ZwDeviceIoControlFile
calling ZwDeviceIoControlFile, process name: WeChat.exe
ret from ZwDeviceIoControlFile
calling ZwDeviceIoControlFile, process name: WeChat.exe
ret from ZwDeviceIoControlFile
calling ZwDeviceIoControlFile, process name: WeChat.exe
ret from ZwDeviceIoControlFile
calling ZwDeviceIoControlFile, process name: WeChat.exe
ret from ZwDeviceIoControlFile
calling ZwDeviceIoControlFile, process name: WeChat.exe
ret from ZwDeviceIoControlFile
calling ZwDeviceIoControlFile, process name: WeChat.exe
ret from ZwDeviceIoControlFile
calling ZwDeviceIoControlFile, process name: WeChat.exe
ret from ZwDeviceIoControlFile
calling ZwDeviceIoControlFile, process name: WeChat.exe
ret from ZwDeviceIoControlFile
calling ZwDeviceIoControlFile, process name: WeChat.exe
ret from ZwDeviceIoControlFile
calling ZwDeviceIoControlFile, process name: WeChat.exe
ret from ZwDeviceIoControlFile
calling ZwDeviceIoControlFile, process name: WeChat.exe
ret from ZwDeviceIoControlFile
calling ZwDeviceIoControlFile, process name: WeChat.exe
ret from ZwDeviceIoControlFile
calling ZwDeviceIoControlFile, process name: WeChat.exe
ret from ZwDeviceIoControlFile
calling ZwDeviceIoControlFile, process name: WeChat.exe
ret from ZwDeviceIoControlFile
calling ZwDeviceIoControlFile, process name: WeChat.exe
ret from ZwDeviceIoControlFile
calling ZwDeviceIoControlFile, process name: WeChat.exe
ret from ZwDeviceIoControlFile
calling ZwDeviceIoControlFile, process name: WeChat.exe
ret from ZwDeviceIoControlFile
calling ZwDeviceIoControlFile, process name: WeChat.exe
ret from ZwDeviceIoControlFile
calling ZwDeviceIoControlFile, process name: WeChat.exe
ret from ZwDeviceIoControlFile
calling ZwDeviceIoControlFile, process name: WeChat.exe
ret from ZwDeviceIoControlFile
calling ZwDeviceIoControlFile, process name: WeChat.exe
ret from ZwDeviceIoControlFile
calling ZwDeviceIoControlFile, process name: WeChat.exe
ret from ZwDeviceIoControlFile
calling ZwDeviceIoControlFile, process name: WeChat.exe
ret from ZwDeviceIoControlFile
calling ZwDeviceIoControlFile, process name: WeChat.exe
ret from ZwDeviceIoControlFile
MAC address:: 525400123456

calling gethostname, process name: WeChat.exe
gethostname name:: User-PC, size: 7

calling GetAdaptersInfo, process name: WeChat.exe
calling ZwDeviceIoControlFile, process name: WeChat.exe
ret from ZwDeviceIoControlFile
calling ZwDeviceIoControlFile, process name: WeChat.exe
ret from ZwDeviceIoControlFile
calling ZwDeviceIoControlFile, process name: WeChat.exe
ret from ZwDeviceIoControlFile
calling ZwDeviceIoControlFile, process name: WeChat.exe
ret from ZwDeviceIoControlFile
calling ZwDeviceIoControlFile, process name: WeChat.exe
ret from ZwDeviceIoControlFile
calling ZwDeviceIoControlFile, process name: WeChat.exe
ret from ZwDeviceIoControlFile
calling ZwDeviceIoControlFile, process name: WeChat.exe
ret from ZwDeviceIoControlFile
calling ZwDeviceIoControlFile, process name: WeChat.exe
ret from ZwDeviceIoControlFile
calling ZwDeviceIoControlFile, process name: WeChat.exe
ret from ZwDeviceIoControlFile
calling ZwDeviceIoControlFile, process name: WeChat.exe
ret from ZwDeviceIoControlFile
calling ZwDeviceIoControlFile, process name: WeChat.exe
ret from ZwDeviceIoControlFile
calling ZwDeviceIoControlFile, process name: WeChat.exe
ret from ZwDeviceIoControlFile
calling ZwDeviceIoControlFile, process name: WeChat.exe
ret from ZwDeviceIoControlFile
calling ZwDeviceIoControlFile, process name: WeChat.exe
ret from ZwDeviceIoControlFile
calling ZwDeviceIoControlFile, process name: WeChat.exe
ret from ZwDeviceIoControlFile
calling ZwDeviceIoControlFile, process name: WeChat.exe
ret from ZwDeviceIoControlFile
calling ZwDeviceIoControlFile, process name: WeChat.exe
ret from ZwDeviceIoControlFile
calling ZwDeviceIoControlFile, process name: WeChat.exe
ret from ZwDeviceIoControlFile
calling ZwDeviceIoControlFile, process name: WeChat.exe
ret from ZwDeviceIoControlFile
calling ZwDeviceIoControlFile, process name: WeChat.exe
ret from ZwDeviceIoControlFile
calling ZwDeviceIoControlFile, process name: WeChat.exe
ret from ZwDeviceIoControlFile
calling ZwDeviceIoControlFile, process name: WeChat.exe
ret from ZwDeviceIoControlFile
calling ZwDeviceIoControlFile, process name: WeChat.exe
ret from ZwDeviceIoControlFile
calling ZwDeviceIoControlFile, process name: WeChat.exe
ret from ZwDeviceIoControlFile
calling ZwDeviceIoControlFile, process name: WeChat.exe
ret from ZwDeviceIoControlFile
calling ZwDeviceIoControlFile, process name: WeChat.exe
ret from ZwDeviceIoControlFile
calling ZwDeviceIoControlFile, process name: WeChat.exe
ret from ZwDeviceIoControlFile
MAC address:: 000000000000

calling GetAdaptersInfo, process name: WeChat.exe
calling ZwDeviceIoControlFile, process name: WeChat.exe
ret from ZwDeviceIoControlFile
calling ZwDeviceIoControlFile, process name: WeChat.exe
ret from ZwDeviceIoControlFile
calling ZwDeviceIoControlFile, process name: WeChat.exe
ret from ZwDeviceIoControlFile
calling ZwDeviceIoControlFile, process name: WeChat.exe
ret from ZwDeviceIoControlFile
calling ZwDeviceIoControlFile, process name: WeChat.exe
ret from ZwDeviceIoControlFile
calling ZwDeviceIoControlFile, process name: WeChat.exe
ret from ZwDeviceIoControlFile
calling ZwDeviceIoControlFile, process name: WeChat.exe
ret from ZwDeviceIoControlFile
calling ZwDeviceIoControlFile, process name: WeChat.exe
ret from ZwDeviceIoControlFile
calling ZwDeviceIoControlFile, process name: WeChat.exe
ret from ZwDeviceIoControlFile
calling ZwDeviceIoControlFile, process name: WeChat.exe
ret from ZwDeviceIoControlFile
calling ZwDeviceIoControlFile, process name: WeChat.exe
ret from ZwDeviceIoControlFile
calling ZwDeviceIoControlFile, process name: WeChat.exe
ret from ZwDeviceIoControlFile
calling ZwDeviceIoControlFile, process name: WeChat.exe
ret from ZwDeviceIoControlFile
calling ZwDeviceIoControlFile, process name: WeChat.exe
ret from ZwDeviceIoControlFile
calling ZwDeviceIoControlFile, process name: WeChat.exe
ret from ZwDeviceIoControlFile
calling ZwDeviceIoControlFile, process name: WeChat.exe
ret from ZwDeviceIoControlFile
calling ZwDeviceIoControlFile, process name: WeChat.exe
ret from ZwDeviceIoControlFile
calling ZwDeviceIoControlFile, process name: WeChat.exe
ret from ZwDeviceIoControlFile
calling ZwDeviceIoControlFile, process name: WeChat.exe
ret from ZwDeviceIoControlFile
calling ZwDeviceIoControlFile, process name: WeChat.exe
ret from ZwDeviceIoControlFile
calling ZwDeviceIoControlFile, process name: WeChat.exe
ret from ZwDeviceIoControlFile
calling ZwDeviceIoControlFile, process name: WeChat.exe
ret from ZwDeviceIoControlFile
calling ZwDeviceIoControlFile, process name: WeChat.exe
ret from ZwDeviceIoControlFile
calling ZwDeviceIoControlFile, process name: WeChat.exe
ret from ZwDeviceIoControlFile
calling ZwDeviceIoControlFile, process name: WeChat.exe
ret from ZwDeviceIoControlFile
calling ZwDeviceIoControlFile, process name: WeChat.exe
ret from ZwDeviceIoControlFile
calling ZwDeviceIoControlFile, process name: WeChat.exe
ret from ZwDeviceIoControlFile
MAC address:: 525400123456

calling ZwDeviceIoControlFile, process name: WeChat.exe
ret from ZwDeviceIoControlFile
calling ZwDeviceIoControlFile, process name: WeChat.exe
NtDeviceIoControlFile_enter -> type: 1, buffSize: 1070
 buffer: 
before query, src_addr: 97158336
ret from ZwDeviceIoControlFile
calling ZwDeviceIoControlFile, process name: WeChat.exe
ret from ZwDeviceIoControlFile
calling ZwDeviceIoControlFile, process name: WeChat.exe
ret from ZwDeviceIoControlFile
calling ZwDeviceIoControlFile, process name: WeChat.exe
ret from ZwDeviceIoControlFile
calling ZwDeviceIoControlFile, process name: WeChat.exe
ret from ZwDeviceIoControlFile
calling ZwDeviceIoControlFile, process name: WeChat.exe
ret from ZwDeviceIoControlFile
calling ZwDeviceIoControlFile, process name: WeChat.exe
ret from ZwDeviceIoControlFile
calling ZwDeviceIoControlFile, process name: WeChat.exe
ret from ZwDeviceIoControlFile
calling ZwDeviceIoControlFile, process name: WeChat.exe
ret from ZwDeviceIoControlFile
calling GetVersionExW, process name: WeChat.exe
GetVersionEx majorVersion: 6: minorVersion: 1: buildVersion: 7601

