
loading modules...
mods: 24
loading modules...
fname: GetComputerNameA, addr: 2003332009
fname: GetComputerNameExA, addr: 2003694623
fname: GetComputerNameExW, addr: 2003373828
fname: GetComputerNameW, addr: 2003371007
fname: GetComputerNameExA, addr: 1976979822
fname: GetComputerNameExW, addr: 1976826438
fname: UuidCreateSequential, addr: 1979234480
mods: 109
loading modules...
mods: 62
loading modules...
mods: 39
loading modules...
mods: 21
loading modules...
mods: 0
loading modules...
mods: 0
loading modules...
mods: 1
loading modules...
mods: 0
loading modules...
mods: 0
loading modules...
mods: 0
loading modules...
mods: 4
loading modules...
mods: 0
loading modules...
fname: GetComputerNameA, addr: 2003332009
fname: GetComputerNameExA, addr: 2003694623
fname: GetComputerNameExW, addr: 2003373828
fname: GetComputerNameW, addr: 2003371007
fname: GetComputerNameExA, addr: 1976979822
fname: GetComputerNameExW, addr: 1976826438
mods: 156
loading modules...
fname: GetComputerNameA, addr: 2003332009
fname: GetComputerNameExA, addr: 2003694623
fname: GetComputerNameExW, addr: 2003373828
fname: GetComputerNameW, addr: 2003371007
fname: UuidCreateSequential, addr: 1979165472
fname: GetAdaptersAddresses, addr: 1921083981
fname: GetAdaptersInfo, addr: 1921094243
mods: 64
loading modules...
mods: 0
loading modules...
mods: 0
loading modules...
fname: GetComputerNameA, addr: 2003332009
fname: GetComputerNameExA, addr: 2003694623
fname: GetComputerNameExW, addr: 2003373828
fname: GetComputerNameW, addr: 2003371007
fname: GetComputerNameExA, addr: 1976979822
fname: GetComputerNameExW, addr: 1976826438
fname: UuidCreateSequential, addr: 1979234480
mods: 98
loading modules...
mods: 15
loading modules...
mods: 0
loading modules...
mods: 0
loading modules...
mods: 0
loading modules...
mods: 32
loading modules...
mods: 0
loading modules...
fname: GetComputerNameA, addr: 2003332009
fname: GetComputerNameExA, addr: 2003694623
fname: GetComputerNameExW, addr: 2003373828
fname: GetComputerNameW, addr: 2003371007
mods: 79
loading modules...